d:\fps\customfps\customfps\x64\release\vc143.pdb
d:\fps\customfps\customfps\x64\release\imgui_widgets.obj
d:\fps\customfps\customfps\x64\release\imgui_tables.obj
d:\fps\customfps\customfps\x64\release\imgui_impl_win32.obj
d:\fps\customfps\customfps\x64\release\imgui_impl_dx11.obj
d:\fps\customfps\customfps\x64\release\imgui_draw.obj
d:\fps\customfps\customfps\x64\release\imgui.obj
d:\fps\customfps\customfps\x64\release\customfps.obj
d:\fps\customfps\x64\release\customfps.exe
d:\fps\customfps\x64\release\customfps.pdb
d:\fps\customfps\customfps\x64\release\customfps.res
d:\fps\customfps\customfps\x64\release\resource.res
d:\fps\customfps\customfps\x64\release\customfps.ipdb
d:\fps\customfps\customfps\x64\release\customfps.iobj
d:\fps\customfps\customfps\x64\release\customfps.tlog\cl.command.1.tlog
d:\fps\customfps\customfps\x64\release\customfps.tlog\cl.items.tlog
d:\fps\customfps\customfps\x64\release\customfps.tlog\cl.read.1.tlog
d:\fps\customfps\customfps\x64\release\customfps.tlog\cl.write.1.tlog
d:\fps\customfps\customfps\x64\release\customfps.tlog\link.command.1.tlog
d:\fps\customfps\customfps\x64\release\customfps.tlog\link.read.1.tlog
d:\fps\customfps\customfps\x64\release\customfps.tlog\link.secondary.1.tlog
d:\fps\customfps\customfps\x64\release\customfps.tlog\link.write.1.tlog
d:\fps\customfps\customfps\x64\release\customfps.tlog\rc.command.1.tlog
d:\fps\customfps\customfps\x64\release\customfps.tlog\rc.read.1.tlog
d:\fps\customfps\customfps\x64\release\customfps.tlog\rc.write.1.tlog
